-------------------------------------------------------------------------------
Test set: com.zwf.boot1.UserTest
-------------------------------------------------------------------------------
Tests run: 1, Failures: 0, Errors: 1, Skipped: 0, Time elapsed: 0.196 s <<< FAILURE! - in com.zwf.boot1.UserTest
loginTest  Time elapsed: 0 s  <<< ERROR!
java.lang.IllegalStateException: Failed to load ApplicationContext
Caused by: org.springframework.beans.factory.BeanCreationException: Error creating bean with name 'WXConfig': Injection of autowired dependencies failed; nested exception is java.lang.IllegalArgumentException: Could not resolve placeholder 'wxpay.appid' in value "${wxpay.appid}"
Caused by: java.lang.IllegalArgumentException: Could not resolve placeholder 'wxpay.appid' in value "${wxpay.appid}"

